<?xml version="1.0" encoding="UTF-8"?>
<!-- Generated by org.testng.reporters.JUnitReportReporter -->
<testsuite skipped="0" hostname="INMAA1-L0226" name="org.videogameproject.VideoGameAPITest" tests="5" failures="0" timestamp="2021-03-25T15:59:21 IST" time="2.677" errors="0">
  <testcase name="test_getAllVideoGames" time="1.711" classname="org.videogameproject.VideoGameAPITest"/>
  <system-out/>
  <testcase name="test_addNewVideoGame" time="0.400" classname="org.videogameproject.VideoGameAPITest"/>
  <system-out/>
  <testcase name="test_getVideoGame" time="0.490" classname="org.videogameproject.VideoGameAPITest"/>
  <system-out/>
  <testcase name="test_updateVideoGame" time="0.060" classname="org.videogameproject.VideoGameAPITest"/>
  <system-out/>
  <testcase name="test_deleteVideoGame" time="0.016" classname="org.videogameproject.VideoGameAPITest"/>
  <system-out/>
</testsuite> <!-- org.videogameproject.VideoGameAPITest -->
